make new char 6-0 Tester
char select 100002-0 Tester
char select 100002-0 Tester
char select 100002-0 Tester
char select 100002-0 Tester
make new char 5-0 ทดสอบ
char select 8-0 ทดสอบ
char select 100002-0 Tester
char select 100002-0 Tester
char select 100002-0 Tester
char select 100002-0 Tester
char select 100002-0 Tester
make new char 5-0 Jenny
char select 100003-0 Jenny
char select 100003-0 Jenny
char select 100003-0 Jenny
char select 100003-0 Jenny
char select 100003-0 Jenny
char select 100003-0 Jenny
char select 100003-0 Jenny
char select 100003-0 Jenny
char select 100003-0 Jenny
make new char 6-1 เจนนี่
char select 100003-1 เจนนี่
char select 100003-1 เจนนี่
char select 100003-0 Jenny
char select 100003-0 Jenny
char select 100003-1 เจนนี่
char select 100003-0 Jenny
char select 100003-0 Jenny
char select 100003-0 Jenny
char select 100003-0 Jenny
char select 100003-0 Jenny
char select 100003-0 Jenny
char select 100003-0 Jenny
char select 100003-0 Jenny
char select 100003-0 Jenny
char select 100003-0 Jenny
char select 100003-0 Jenny
make new char 6-0 Jenny
char select 100003-0 Jenny
char select 100002-0 Tester
char select 100003-0 Jenny
char select 100003-0 Jenny
char select 100002-0 Tester
make new char 6-0 จีเอ็มชโย
char select 100002-0 จีเอ็มชโย
make new char 6-0 จีเอ็มชโย
char select 100001-0 จีเอ็มชโย
char select 100001-0 จีเอ็มชโย
char select 100001-0 จีเอ็มชโย
char select 100001-0 จีเอ็มชโย
make new char 6-0 จีเอ็มหญิง
char select 100002-0 จีเอ็มหญิง
make new char 6-0 จีเอ็มต้า
char select 100003-0 จีเอ็มต้า
char select 100003-0 จีเอ็มต้า
